{
"contracts/myNFT.sol":{"l":{"14":1,"15":1,"17":1},"path":"/Users/ivanwind/Projects/info7500/INFO7500-YifanWang/v3.0/contracts/myNFT.sol","s":{"1":1,"2":1,"3":1},"b":{},"f":{"1":3,"2":1},"fnMap":{"1":{"name":"constructor","line":11,"loc":{"start":{"line":11,"column":4},"end":{"line":11,"column":43}}},"2":{"name":"awardToken","line":13,"loc":{"start":{"line":13,"column":4},"end":{"line":18,"column":4}}}},"statementMap":{"1":{"start":{"line":14,"column":8},"end":{"line":14,"column":40}},"2":{"start":{"line":15,"column":8},"end":{"line":15,"column":28}},"3":{"start":{"line":17,"column":8},"end":{"line":17,"column":25}}},"branchMap":{}},
"contracts/myToken.sol":{"l":{"9":3},"path":"/Users/ivanwind/Projects/info7500/INFO7500-YifanWang/v3.0/contracts/myToken.sol","s":{"1":3},"b":{},"f":{"1":3},"fnMap":{"1":{"name":"constructor","line":8,"loc":{"start":{"line":8,"column":4},"end":{"line":10,"column":4}}}},"statementMap":{"1":{"start":{"line":9,"column":8},"end":{"line":9,"column":39}}},"branchMap":{}},
"contracts/NFTDutchAuction.sol":{"l":{"27":3,"28":3,"29":3,"30":3,"31":3,"32":3,"33":3,"34":3,"35":3,"40":1,"42":1,"44":1,"46":1,"48":1,"50":1,"51":1},"path":"/Users/ivanwind/Projects/info7500/INFO7500-YifanWang/v3.0/contracts/NFTDutchAuction.sol","s":{"1":1,"2":1,"3":1,"4":1,"5":1,"6":1},"b":{"1":[1,0],"2":[1,0],"3":[1,0]},"f":{"1":3,"2":1},"fnMap":{"1":{"name":"constructor","line":26,"loc":{"start":{"line":26,"column":4},"end":{"line":36,"column":4}}},"2":{"name":"bid","line":38,"loc":{"start":{"line":38,"column":4},"end":{"line":52,"column":4}}}},"statementMap":{"1":{"start":{"line":40,"column":8},"end":{"line":40,"column":57}},"2":{"start":{"line":42,"column":8},"end":{"line":42,"column":85}},"3":{"start":{"line":44,"column":8},"end":{"line":44,"column":144}},"4":{"start":{"line":48,"column":8},"end":{"line":48,"column":62}},"5":{"start":{"line":50,"column":8},"end":{"line":50,"column":63}},"6":{"start":{"line":51,"column":8},"end":{"line":51,"column":25}}},"branchMap":{"1":{"line":40,"type":"if","locations":[{"start":{"line":40,"column":8},"end":{"line":40,"column":8}},{"start":{"line":40,"column":8},"end":{"line":40,"column":8}}]},"2":{"line":42,"type":"if","locations":[{"start":{"line":42,"column":8},"end":{"line":42,"column":8}},{"start":{"line":42,"column":8},"end":{"line":42,"column":8}}]},"3":{"line":44,"type":"if","locations":[{"start":{"line":44,"column":8},"end":{"line":44,"column":8}},{"start":{"line":44,"column":8},"end":{"line":44,"column":8}}]}}}}
