TN:
SF:/Users/ivanwind/Projects/info7500/INFO7500-YifanWang/v3.0/contracts/myNFT.sol
FN:11,constructor
FN:13,awardToken
FNF:2
FNH:2
FNDA:3,constructor
FNDA:1,awardToken
DA:14,1
DA:15,1
DA:17,1
LF:3
LH:3
BRF:0
BRH:0
end_of_record
TN:
SF:/Users/ivanwind/Projects/info7500/INFO7500-YifanWang/v3.0/contracts/myToken.sol
FN:8,constructor
FNF:1
FNH:1
FNDA:3,constructor
DA:9,3
LF:1
LH:1
BRF:0
BRH:0
end_of_record
TN:
SF:/Users/ivanwind/Projects/info7500/INFO7500-YifanWang/v3.0/contracts/NFTDutchAuction.sol
FN:26,constructor
FN:38,bid
FNF:2
FNH:2
FNDA:3,constructor
FNDA:1,bid
DA:27,3
DA:28,3
DA:29,3
DA:30,3
DA:31,3
DA:32,3
DA:33,3
DA:34,3
DA:35,3
DA:40,1
DA:42,1
DA:44,1
DA:46,1
DA:48,1
DA:50,1
DA:51,1
LF:16
LH:16
BRDA:40,1,0,1
BRDA:40,1,1,0
BRDA:42,2,0,1
BRDA:42,2,1,0
BRDA:44,3,0,1
BRDA:44,3,1,0
BRF:6
BRH:3
end_of_record
