{"contracts/myNFT.sol":{"l":{"15":1,"16":1,"18":1},"path":"/Users/ivanwind/Projects/info7500/NFTDutchAuction-v2.0/contracts/myNFT.sol","s":{"1":1,"2":1,"3":1},"b":{},"f":{"1":3,"2":1},"fnMap":{"1":{"name":"constructor","line":12,"loc":{"start":{"line":12,"column":4},"end":{"line":12,"column":43}}},"2":{"name":"awardToken","line":14,"loc":{"start":{"line":14,"column":4},"end":{"line":19,"column":4}}}},"statementMap":{"1":{"start":{"line":15,"column":8},"end":{"line":15,"column":40}},"2":{"start":{"line":16,"column":8},"end":{"line":16,"column":28}},"3":{"start":{"line":18,"column":8},"end":{"line":18,"column":25}}},"branchMap":{}},"contracts/NFTDutchAuction.sol":{"l":{"24":3,"25":3,"26":3,"27":3,"28":3,"29":3,"30":3,"31":3,"32":3,"37":1,"39":1,"41":1,"43":1,"45":1,"47":1,"48":1},"path":"/Users/ivanwind/Projects/info7500/NFTDutchAuction-v2.0/contracts/NFTDutchAuction.sol","s":{"1":1,"2":1,"3":1,"4":1,"5":1,"6":1},"b":{"1":[1,0],"2":[1,0],"3":[1,0]},"f":{"1":3,"2":1},"fnMap":{"1":{"name":"constructor","line":22,"loc":{"start":{"line":22,"column":4},"end":{"line":33,"column":4}}},"2":{"name":"bid","line":35,"loc":{"start":{"line":35,"column":4},"end":{"line":49,"column":4}}}},"statementMap":{"1":{"start":{"line":37,"column":8},"end":{"line":37,"column":57}},"2":{"start":{"line":39,"column":8},"end":{"line":39,"column":85}},"3":{"start":{"line":41,"column":8},"end":{"line":41,"column":144}},"4":{"start":{"line":45,"column":8},"end":{"line":45,"column":62}},"5":{"start":{"line":47,"column":8},"end":{"line":47,"column":41}},"6":{"start":{"line":48,"column":8},"end":{"line":48,"column":25}}},"branchMap":{"1":{"line":37,"type":"if","locations":[{"start":{"line":37,"column":8},"end":{"line":37,"column":8}},{"start":{"line":37,"column":8},"end":{"line":37,"column":8}}]},"2":{"line":39,"type":"if","locations":[{"start":{"line":39,"column":8},"end":{"line":39,"column":8}},{"start":{"line":39,"column":8},"end":{"line":39,"column":8}}]},"3":{"line":41,"type":"if","locations":[{"start":{"line":41,"column":8},"end":{"line":41,"column":8}},{"start":{"line":41,"column":8},"end":{"line":41,"column":8}}]}}}}