{
"contracts/myNFT.sol":{"l":{"14":1,"15":1,"17":1},"path":"/Users/ivanwind/Projects/info7500/INFO7500-YifanWang/v4.0/contracts/myNFT.sol","s":{"1":1,"2":1,"3":1},"b":{},"f":{"1":3,"2":1},"fnMap":{"1":{"name":"constructor","line":11,"loc":{"start":{"line":11,"column":4},"end":{"line":11,"column":43}}},"2":{"name":"awardToken","line":13,"loc":{"start":{"line":13,"column":4},"end":{"line":18,"column":4}}}},"statementMap":{"1":{"start":{"line":14,"column":8},"end":{"line":14,"column":40}},"2":{"start":{"line":15,"column":8},"end":{"line":15,"column":28}},"3":{"start":{"line":17,"column":8},"end":{"line":17,"column":25}}},"branchMap":{}},
"contracts/myToken.sol":{"l":{"9":3},"path":"/Users/ivanwind/Projects/info7500/INFO7500-YifanWang/v4.0/contracts/myToken.sol","s":{"1":3},"b":{},"f":{"1":3},"fnMap":{"1":{"name":"constructor","line":8,"loc":{"start":{"line":8,"column":4},"end":{"line":10,"column":4}}}},"statementMap":{"1":{"start":{"line":9,"column":8},"end":{"line":9,"column":39}}},"branchMap":{}},
"contracts/NFTDutchAuction.sol":{"l":{"30":0,"31":0,"35":1,"36":1,"37":1,"38":1,"39":1,"40":1,"41":1,"42":1,"43":1,"48":1,"50":1,"52":1,"54":1,"56":1,"58":1,"59":1},"path":"/Users/ivanwind/Projects/info7500/INFO7500-YifanWang/v4.0/contracts/NFTDutchAuction.sol","s":{"1":0,"2":0,"3":1,"4":1,"5":1,"6":1,"7":1,"8":1},"b":{"1":[0,0],"2":[1,0],"3":[1,0],"4":[1,0],"5":[0,0]},"f":{"1":0,"2":1,"3":1,"4":0},"fnMap":{"1":{"name":"initialize","line":29,"loc":{"start":{"line":29,"column":4},"end":{"line":32,"column":4}}},"2":{"name":"store","line":34,"loc":{"start":{"line":34,"column":4},"end":{"line":44,"column":4}}},"3":{"name":"bid","line":46,"loc":{"start":{"line":46,"column":4},"end":{"line":60,"column":4}}},"4":{"name":"_authorizeUpgrade","line":62,"loc":{"start":{"line":62,"column":4},"end":{"line":62,"column":87}}}},"statementMap":{"1":{"start":{"line":30,"column":8},"end":{"line":30,"column":23}},"2":{"start":{"line":31,"column":8},"end":{"line":31,"column":31}},"3":{"start":{"line":48,"column":8},"end":{"line":48,"column":57}},"4":{"start":{"line":50,"column":8},"end":{"line":50,"column":85}},"5":{"start":{"line":52,"column":8},"end":{"line":52,"column":144}},"6":{"start":{"line":56,"column":8},"end":{"line":56,"column":70}},"7":{"start":{"line":58,"column":8},"end":{"line":58,"column":71}},"8":{"start":{"line":59,"column":8},"end":{"line":59,"column":25}}},"branchMap":{"1":{"line":29,"type":"if","locations":[{"start":{"line":29,"column":33},"end":{"line":29,"column":33}},{"start":{"line":29,"column":33},"end":{"line":29,"column":33}}]},"2":{"line":48,"type":"if","locations":[{"start":{"line":48,"column":8},"end":{"line":48,"column":8}},{"start":{"line":48,"column":8},"end":{"line":48,"column":8}}]},"3":{"line":50,"type":"if","locations":[{"start":{"line":50,"column":8},"end":{"line":50,"column":8}},{"start":{"line":50,"column":8},"end":{"line":50,"column":8}}]},"4":{"line":52,"type":"if","locations":[{"start":{"line":52,"column":8},"end":{"line":52,"column":8}},{"start":{"line":52,"column":8},"end":{"line":52,"column":8}}]},"5":{"line":62,"type":"if","locations":[{"start":{"line":62,"column":67},"end":{"line":62,"column":67}},{"start":{"line":62,"column":67},"end":{"line":62,"column":67}}]}}}}
