TN:
SF:/Users/ivanwind/Projects/info7500/INFO7500-YifanWang/v4.0/contracts/myNFT.sol
FN:11,constructor
FN:13,awardToken
FNF:2
FNH:2
FNDA:3,constructor
FNDA:1,awardToken
DA:14,1
DA:15,1
DA:17,1
LF:3
LH:3
BRF:0
BRH:0
end_of_record
TN:
SF:/Users/ivanwind/Projects/info7500/INFO7500-YifanWang/v4.0/contracts/myToken.sol
FN:8,constructor
FNF:1
FNH:1
FNDA:3,constructor
DA:9,3
LF:1
LH:1
BRF:0
BRH:0
end_of_record
TN:
SF:/Users/ivanwind/Projects/info7500/INFO7500-YifanWang/v4.0/contracts/NFTDutchAuction.sol
FN:29,initialize
FN:34,store
FN:46,bid
FN:62,_authorizeUpgrade
FNF:4
FNH:2
FNDA:0,initialize
FNDA:1,store
FNDA:1,bid
FNDA:0,_authorizeUpgrade
DA:30,0
DA:31,0
DA:35,1
DA:36,1
DA:37,1
DA:38,1
DA:39,1
DA:40,1
DA:41,1
DA:42,1
DA:43,1
DA:48,1
DA:50,1
DA:52,1
DA:54,1
DA:56,1
DA:58,1
DA:59,1
LF:18
LH:16
BRDA:29,1,0,0
BRDA:29,1,1,0
BRDA:48,2,0,1
BRDA:48,2,1,0
BRDA:50,3,0,1
BRDA:50,3,1,0
BRDA:52,4,0,1
BRDA:52,4,1,0
BRDA:62,5,0,0
BRDA:62,5,1,0
BRF:10
BRH:3
end_of_record
