TN:
SF:/Users/ivanwind/Projects/info7500/NFTDutchAuction-v2.0/contracts/myNFT.sol
FN:12,constructor
FN:14,awardToken
FNF:2
FNH:2
FNDA:3,constructor
FNDA:1,awardToken
DA:15,1
DA:16,1
DA:18,1
LF:3
LH:3
BRF:0
BRH:0
end_of_record
TN:
SF:/Users/ivanwind/Projects/info7500/NFTDutchAuction-v2.0/contracts/NFTDutchAuction.sol
FN:22,constructor
FN:35,bid
FNF:2
FNH:2
FNDA:3,constructor
FNDA:1,bid
DA:24,3
DA:25,3
DA:26,3
DA:27,3
DA:28,3
DA:29,3
DA:30,3
DA:31,3
DA:32,3
DA:37,1
DA:39,1
DA:41,1
DA:43,1
DA:45,1
DA:47,1
DA:48,1
LF:16
LH:16
BRDA:37,1,0,1
BRDA:37,1,1,0
BRDA:39,2,0,1
BRDA:39,2,1,0
BRDA:41,3,0,1
BRDA:41,3,1,0
BRF:6
BRH:3
end_of_record
