{
"contracts/BasicDutchAuction.sol":{"l":{"15":3,"16":3,"17":3,"18":3,"19":3,"20":3,"25":1,"27":1,"29":1,"31":1,"32":1,"36":1,"37":1,"41":0},"path":"/Users/ivanwind/Projects/info7500/Dutch Auction/contracts/BasicDutchAuction.sol","s":{"1":1,"2":1,"3":1,"4":1,"5":1,"6":1,"7":0},"b":{"1":[1,0],"2":[1,0],"3":[1,0]},"f":{"1":3,"2":1,"3":1,"4":0},"fnMap":{"1":{"name":"constructor","line":14,"loc":{"start":{"line":14,"column":4},"end":{"line":21,"column":4}}},"2":{"name":"bid","line":23,"loc":{"start":{"line":23,"column":4},"end":{"line":33,"column":4}}},"3":{"name":"finalize","line":35,"loc":{"start":{"line":35,"column":4},"end":{"line":38,"column":4}}},"4":{"name":"refund","line":40,"loc":{"start":{"line":40,"column":4},"end":{"line":42,"column":4}}}},"statementMap":{"1":{"start":{"line":25,"column":8},"end":{"line":25,"column":57}},"2":{"start":{"line":27,"column":8},"end":{"line":27,"column":85}},"3":{"start":{"line":29,"column":8},"end":{"line":29,"column":144}},"4":{"start":{"line":31,"column":8},"end":{"line":31,"column":26}},"5":{"start":{"line":32,"column":8},"end":{"line":32,"column":25}},"6":{"start":{"line":37,"column":8},"end":{"line":37,"column":43}},"7":{"start":{"line":41,"column":8},"end":{"line":41,"column":49}}},"branchMap":{"1":{"line":25,"type":"if","locations":[{"start":{"line":25,"column":8},"end":{"line":25,"column":8}},{"start":{"line":25,"column":8},"end":{"line":25,"column":8}}]},"2":{"line":27,"type":"if","locations":[{"start":{"line":27,"column":8},"end":{"line":27,"column":8}},{"start":{"line":27,"column":8},"end":{"line":27,"column":8}}]},"3":{"line":29,"type":"if","locations":[{"start":{"line":29,"column":8},"end":{"line":29,"column":8}},{"start":{"line":29,"column":8},"end":{"line":29,"column":8}}]}}}}
